Using pre-set license
Built from '2020.2/staging' branch; Version is '2020.2.7f1 (c53830e277f1) revision 12924976'; Using compiler version '192528614'; Build Type 'Release'
OS: 'Windows 10 Pro; OS build 19044.1566; Version 2009; 64bit' Language: 'cs' Physical Memory: 32672 MB
BatchMode: 1, IsHumanControllingUs: 0, StartBugReporterOnCrash: 0, Is64bit: 1, IsPro: 0

 COMMAND LINE ARGUMENTS:
C:\Program Files\Unity\Hub\Editor\2020.2.7f1\Editor\Unity.exe
-adb2
-batchMode
-noUpm
-name
AssetImportWorker0
-projectPath
C:/Users/pavli/UnityProjects/CityBuilder/City Builder
-logFile
Logs/AssetImportWorker0.log
-srvPort
63980
Successfully changed project path to: C:/Users/pavli/UnityProjects/CityBuilder/City Builder
C:/Users/pavli/UnityProjects/CityBuilder/City Builder
Using Asset Import Pipeline V2.
Refreshing native plugins compatible for Editor in 47.22 ms, found 0 plugins.
Preloading 0 native plugins for Editor in 0.00 ms.
Initialize engine version: 2020.2.7f1 (c53830e277f1)
[Subsystems] Discovering subsystems at path C:/Program Files/Unity/Hub/Editor/2020.2.7f1/Editor/Data/Resources/UnitySubsystems
[Subsystems] Discovering subsystems at path C:/Users/pavli/UnityProjects/CityBuilder/City Builder/Assets
GfxDevice: creating device client; threaded=0
Direct3D:
    Version:  Direct3D 11.0 [level 11.1]
    Renderer: NVIDIA GeForce GTX 1060 3GB (ID=0x1c02)
    Vendor:   
    VRAM:     2988 MB
    Driver:   30.0.14.7141
Initialize mono
Mono path[0] = 'C:/Program Files/Unity/Hub/Editor/2020.2.7f1/Editor/Data/Managed'
Mono path[1] = 'C:/Program Files/Unity/Hub/Editor/2020.2.7f1/Editor/Data/MonoBleedingEdge/lib/mono/unityjit'
Mono config path = 'C:/Program Files/Unity/Hub/Editor/2020.2.7f1/Editor/Data/MonoBleedingEdge/etc'
Using monoOptions --debugger-agent=transport=dt_socket,embedding=1,server=y,suspend=n,address=127.0.0.1:56236
Begin MonoManager ReloadAssembly
Registering precompiled unity dll's ...
Register platform support module: C:/Program Files/Unity/Hub/Editor/2020.2.7f1/Editor/Data/PlaybackEngines/WindowsStandaloneSupport/UnityEditor.WindowsStandalone.Extensions.dll
Registered in 0.002415 seconds.
Native extension for WindowsStandalone target not found
Refreshing native plugins compatible for Editor in 69.75 ms, found 0 plugins.
Preloading 0 native plugins for Editor in 0.00 ms.
Invoked RoslynAnalysisRunner static constructor.
RoslynAnalysisRunner will not be running.
RoslynAnalysisRunner has terminated.
Mono: successfully reloaded assembly
- Completed reload, in  1.229 seconds
Platform modules already initialized, skipping
Registering precompiled user dll's ...
Registered in 0.002793 seconds.
Begin MonoManager ReloadAssembly
Native extension for WindowsStandalone target not found
Refreshing native plugins compatible for Editor in 48.30 ms, found 0 plugins.
Preloading 0 native plugins for Editor in 0.00 ms.
Invoked RoslynAnalysisRunner static constructor.
RoslynAnalysisRunner will not be running.
RoslynAnalysisRunner has terminated.
Mono: successfully reloaded assembly
- Completed reload, in  1.154 seconds
Platform modules already initialized, skipping
========================================================================
Worker process is ready to serve import requests
Shader 'Universal Render Pipeline/Particles/Lit': fallback shader 'Universal Render Pipeline/Particles/SimpleLit' not found
Shader 'Universal Render Pipeline/Particles/Lit': fallback shader 'Universal Render Pipeline/Particles/SimpleLit' not found
Launched and connected shader compiler UnityShaderCompiler.exe after 0.06 seconds
Refreshing native plugins compatible for Editor in 0.83 ms, found 0 plugins.
Preloading 0 native plugins for Editor in 0.00 ms.
Unloading 2534 Unused Serialized files (Serialized files now loaded: 0)
System memory in use before: 120.0 MB.
System memory in use after: 118.2 MB.

Unloading 40 unused Assets to reduce memory usage. Loaded Objects now: 2952.
Total: 6.114600 ms (FindLiveObjects: 0.877200 ms CreateObjectMapping: 0.331200 ms MarkObjects: 3.350300 ms  DeleteObjects: 1.554100 ms)

========================================================================
Received Import Request.
  path: Assets/Scripts/Mono/TooltipSystem.cs
  artifactKey: Guid(00cd7941e9d03ce49a5e507fee589666) Importer(815301076,1909f56bfc062723c751e8b465ee728b)
Start importing Assets/Scripts/Mono/TooltipSystem.cs using Guid(00cd7941e9d03ce49a5e507fee589666) Importer(815301076,1909f56bfc062723c751e8b465ee728b)  -> (artifact id: '9ddc6e86f564e66aec22c88592993f58') in 0.031464 seconds
  Import took 0.036585 seconds .

========================================================================
Received Import Request.
  Time since last request: 14.759127 seconds.
  path: Assets/Scripts/Mono/Tutorial
  artifactKey: Guid(13276cb708253074f96ae6c1db621065) Importer(815301076,1909f56bfc062723c751e8b465ee728b)
Start importing Assets/Scripts/Mono/Tutorial using Guid(13276cb708253074f96ae6c1db621065) Importer(815301076,1909f56bfc062723c751e8b465ee728b)  -> (artifact id: 'fd3099efb2cc0a76e0cf0a211dce1828') in 0.005888 seconds
  Import took 0.015757 seconds .

========================================================================
Received Import Request.
  Time since last request: 0.754121 seconds.
  path: Assets/Scripts/Mono/Tutorial/TutorialSystem.cs
  artifactKey: Guid(0ddc38a994c19344d91e9c61ca2713e6) Importer(815301076,1909f56bfc062723c751e8b465ee728b)
Start importing Assets/Scripts/Mono/Tutorial/TutorialSystem.cs using Guid(0ddc38a994c19344d91e9c61ca2713e6) Importer(815301076,1909f56bfc062723c751e8b465ee728b)  -> (artifact id: 'f8cc199dbdaa634cf3ca33c361f6fa54') in 0.004622 seconds
  Import took 0.009003 seconds .

========================================================================
Received Import Request.
  Time since last request: 0.026864 seconds.
  path: Assets/Scripts/Mono/Tutorial/TutorialSystem.cs
  artifactKey: Guid(0ddc38a994c19344d91e9c61ca2713e6) Importer(815301076,1909f56bfc062723c751e8b465ee728b)
Start importing Assets/Scripts/Mono/Tutorial/TutorialSystem.cs using Guid(0ddc38a994c19344d91e9c61ca2713e6) Importer(815301076,1909f56bfc062723c751e8b465ee728b)  -> (artifact id: 'f8cc199dbdaa634cf3ca33c361f6fa54') in 0.005717 seconds
  Import took 0.010975 seconds .

========================================================================
Received Import Request.
  Time since last request: 524.254244 seconds.
  path: Assets/Scripts/Mono/Tutorial/TutorialSystem.cs
  artifactKey: Guid(0ddc38a994c19344d91e9c61ca2713e6) Importer(815301076,1909f56bfc062723c751e8b465ee728b)
Start importing Assets/Scripts/Mono/Tutorial/TutorialSystem.cs using Guid(0ddc38a994c19344d91e9c61ca2713e6) Importer(815301076,1909f56bfc062723c751e8b465ee728b)  -> (artifact id: 'd3774e18a812106592fbc7fc873c1e5e') in 0.005162 seconds
  Import took 0.010831 seconds .

========================================================================
Received Prepare
Registering precompiled user dll's ...
Registered in 0.001714 seconds.
Begin MonoManager ReloadAssembly
Native extension for WindowsStandalone target not found
Refreshing native plugins compatible for Editor in 0.52 ms, found 0 plugins.
Preloading 0 native plugins for Editor in 0.00 ms.
Invoked RoslynAnalysisRunner static constructor.
RoslynAnalysisRunner will not be running.
RoslynAnalysisRunner has terminated.
Mono: successfully reloaded assembly
- Completed reload, in  0.925 seconds
Platform modules already initialized, skipping
Shader 'Universal Render Pipeline/Particles/Lit': fallback shader 'Universal Render Pipeline/Particles/SimpleLit' not found
Shader 'Universal Render Pipeline/Particles/Lit': fallback shader 'Universal Render Pipeline/Particles/SimpleLit' not found
Refreshing native plugins compatible for Editor in 0.45 ms, found 0 plugins.
Preloading 0 native plugins for Editor in 0.00 ms.
Unloading 2449 Unused Serialized files (Serialized files now loaded: 0)
System memory in use before: 116.2 MB.
System memory in use after: 114.4 MB.

Unloading 35 unused Assets to reduce memory usage. Loaded Objects now: 2955.
Total: 4.426000 ms (FindLiveObjects: 0.303600 ms CreateObjectMapping: 0.141100 ms MarkObjects: 2.410000 ms  DeleteObjects: 1.570200 ms)

========================================================================
Received Prepare
Registering precompiled user dll's ...
Registered in 0.001752 seconds.
Begin MonoManager ReloadAssembly
Native extension for WindowsStandalone target not found
Refreshing native plugins compatible for Editor in 0.46 ms, found 0 plugins.
Preloading 0 native plugins for Editor in 0.00 ms.
Invoked RoslynAnalysisRunner static constructor.
RoslynAnalysisRunner will not be running.
RoslynAnalysisRunner has terminated.
Mono: successfully reloaded assembly
- Completed reload, in  0.883 seconds
Platform modules already initialized, skipping
Shader 'Universal Render Pipeline/Particles/Lit': fallback shader 'Universal Render Pipeline/Particles/SimpleLit' not found
Shader 'Universal Render Pipeline/Particles/Lit': fallback shader 'Universal Render Pipeline/Particles/SimpleLit' not found
Refreshing native plugins compatible for Editor in 0.41 ms, found 0 plugins.
Preloading 0 native plugins for Editor in 0.00 ms.
Unloading 2449 Unused Serialized files (Serialized files now loaded: 0)
System memory in use before: 116.2 MB.
System memory in use after: 114.5 MB.

Unloading 35 unused Assets to reduce memory usage. Loaded Objects now: 2958.
Total: 2.997800 ms (FindLiveObjects: 0.261700 ms CreateObjectMapping: 0.102900 ms MarkObjects: 1.535600 ms  DeleteObjects: 1.096500 ms)

AssetImportWorkerClient::OnTransportError - code=2 error=End of file
